<?xml version="1.0" encoding="UTF-8"?>
<!-- Generated by org.testng.reporters.JUnitXMLReporter -->
<testsuite hostname="Siddharth-PC" ignored="0" name="Free CRM Application Test Cases" tests="12" failures="0" timestamp="27 Nov 2018 04:54:09 GMT" time="523.987" errors="0">
  <testcase name="loginPageTitleTest" time="0.052" classname="com.crm.qa.testcases.LoginPageTest"/>
  <testcase name="verifyHomePageTitleTest" time="0.03" classname="com.crm.qa.testcases.HomePageTest"/>
  <testcase name="verifyContactPageLabel" time="0.164" classname="com.crm.qa.testcases.ContactsPageTest"/>
  <testcase name="crmLogoImageTest" time="0.191" classname="com.crm.qa.testcases.LoginPageTest"/>
  <testcase name="verifyUserNameTest" time="0.245" classname="com.crm.qa.testcases.HomePageTest"/>
  <testcase name="selectSingleContactTest" time="0.335" classname="com.crm.qa.testcases.ContactsPageTest"/>
  <testcase name="loginTest" time="9.963" classname="com.crm.qa.testcases.LoginPageTest"/>
  <testcase name="veifyContactLinkTest" time="4.475" classname="com.crm.qa.testcases.HomePageTest"/>
  <testcase name="selectMultipleContactTest" time="0.971" classname="com.crm.qa.testcases.ContactsPageTest"/>
  <testcase name="validateCreateNewContactLink" time="9.796" classname="com.crm.qa.testcases.ContactsPageTest"/>
  <testcase name="validateCreateNewContactLink" time="8.17" classname="com.crm.qa.testcases.ContactsPageTest"/>
  <testcase name="validateCreateNewContactLink" time="9.173" classname="com.crm.qa.testcases.ContactsPageTest"/>
</testsuite> <!-- Free CRM Application Test Cases -->
