<?xml version="1.0" encoding="UTF-8"?>
<!-- Generated by org.testng.reporters.JUnitXMLReporter -->
<testsuite hostname="Siddharth-PC" ignored="0" name="Command line test" tests="12" failures="0" timestamp="27 Nov 2018 06:33:49 GMT" time="607.777" errors="0">
  <testcase name="verifyContactPageLabel" time="0.236" classname="com.crm.qa.testcases.ContactsPageTest"/>
  <testcase name="verifyHomePageTitleTest" time="0.034" classname="com.crm.qa.testcases.HomePageTest"/>
  <testcase name="loginPageTitleTest" time="0.036" classname="com.crm.qa.testcases.LoginPageTest"/>
  <testcase name="selectSingleContactTest" time="0.922" classname="com.crm.qa.testcases.ContactsPageTest"/>
  <testcase name="verifyUserNameTest" time="0.377" classname="com.crm.qa.testcases.HomePageTest"/>
  <testcase name="crmLogoImageTest" time="0.522" classname="com.crm.qa.testcases.LoginPageTest"/>
  <testcase name="selectMultipleContactTest" time="1.168" classname="com.crm.qa.testcases.ContactsPageTest"/>
  <testcase name="veifyContactLinkTest" time="3.994" classname="com.crm.qa.testcases.HomePageTest"/>
  <testcase name="loginTest" time="10.874" classname="com.crm.qa.testcases.LoginPageTest"/>
  <testcase name="validateCreateNewContactLink" time="11.515" classname="com.crm.qa.testcases.ContactsPageTest"/>
  <testcase name="validateCreateNewContactLink" time="12.022" classname="com.crm.qa.testcases.ContactsPageTest"/>
  <testcase name="validateCreateNewContactLink" time="11.536" classname="com.crm.qa.testcases.ContactsPageTest"/>
</testsuite> <!-- Command line test -->
