<?xml version="1.0" encoding="UTF-8" ?>
<testsuite tests="12" failures="0" name="TestSuite" time="53.23" errors="0" skipped="0">
  <properties>
[...]
</properties>
  <testcase classname="com.crm.qa.testcases.ContactsPageTest" name="verifyContactPageLabel" time="0.241"/>
  <testcase classname="com.crm.qa.testcases.HomePageTest" name="verifyHomePageTitleTest" time="0.032"/>
  <testcase classname="com.crm.qa.testcases.LoginPageTest" name="loginPageTitleTest" time="0.042"/>
  <testcase classname="com.crm.qa.testcases.ContactsPageTest" name="selectSingleContactTest" time="0.941"/>
  <testcase classname="com.crm.qa.testcases.HomePageTest" name="verifyUserNameTest" time="0.373"/>
  <testcase classname="com.crm.qa.testcases.LoginPageTest" name="crmLogoImageTest" time="0.542"/>
  <testcase classname="com.crm.qa.testcases.ContactsPageTest" name="selectMultipleContactTest" time="1.171"/>
  <testcase classname="com.crm.qa.testcases.HomePageTest" name="veifyContactLinkTest" time="3.981"/>
  <testcase classname="com.crm.qa.testcases.LoginPageTest" name="loginTest" time="10.87"/>
  <testcase classname="com.crm.qa.testcases.ContactsPageTest" name="validateCreateNewContactLink" time="11.484"/>
  <testcase classname="com.crm.qa.testcases.ContactsPageTest" name="validateCreateNewContactLink" time="12.015"/>
  <testcase classname="com.crm.qa.testcases.ContactsPageTest" name="validateCreateNewContactLink" time="11.538"/>
</testsuite>