<?xml version="1.0" encoding="UTF-8"?>
<testng-results skipped="0" failed="0" ignored="0" total="12" passed="12">
  <reporter-output>
  </reporter-output>
  <suite name="Command line suite" duration-ms="607777" started-at="2018-11-27T06:23:42Z" finished-at="2018-11-27T06:33:49Z">
    <groups>
    </groups>
    <test name="Command line test" duration-ms="607777" started-at="2018-11-27T06:23:42Z" finished-at="2018-11-27T06:33:49Z">
      <class name="com.crm.qa.testcases.HomePageTest">
        <test-method status="PASS" signature="setUp()[pri:0, instance:com.crm.qa.testcases.HomePageTest@1dc03ce]" name="setUp" is-config="true" duration-ms="44269" started-at="2018-11-27T11:55:00Z" finished-at="2018-11-27T11:55:45Z">
          <reporter-output>
          </reporter-output>
        </test-method> <!-- setUp -->
        <test-method status="PASS" signature="verifyHomePageTitleTest()[pri:1, instance:com.crm.qa.testcases.HomePageTest@1dc03ce]" name="verifyHomePageTitleTest" duration-ms="34" started-at="2018-11-27T11:55:45Z" finished-at="2018-11-27T11:55:45Z">
          <reporter-output>
          </reporter-output>
        </test-method> <!-- verifyHomePageTitleTest -->
        <test-method status="PASS" signature="tearDown()[pri:0, instance:com.crm.qa.testcases.HomePageTest@1dc03ce]" name="tearDown" is-config="true" duration-ms="1503" started-at="2018-11-27T11:55:45Z" finished-at="2018-11-27T11:55:46Z">
          <reporter-output>
          </reporter-output>
        </test-method> <!-- tearDown -->
        <test-method status="PASS" signature="setUp()[pri:0, instance:com.crm.qa.testcases.HomePageTest@1dc03ce]" name="setUp" is-config="true" duration-ms="41182" started-at="2018-11-27T11:57:12Z" finished-at="2018-11-27T11:57:53Z">
          <reporter-output>
          </reporter-output>
        </test-method> <!-- setUp -->
        <test-method status="PASS" signature="verifyUserNameTest()[pri:2, instance:com.crm.qa.testcases.HomePageTest@1dc03ce]" name="verifyUserNameTest" duration-ms="377" started-at="2018-11-27T11:57:53Z" finished-at="2018-11-27T11:57:53Z">
          <reporter-output>
          </reporter-output>
        </test-method> <!-- verifyUserNameTest -->
        <test-method status="PASS" signature="tearDown()[pri:0, instance:com.crm.qa.testcases.HomePageTest@1dc03ce]" name="tearDown" is-config="true" duration-ms="1750" started-at="2018-11-27T11:57:53Z" finished-at="2018-11-27T11:57:55Z">
          <reporter-output>
          </reporter-output>
        </test-method> <!-- tearDown -->
        <test-method status="PASS" signature="setUp()[pri:0, instance:com.crm.qa.testcases.HomePageTest@1dc03ce]" name="setUp" is-config="true" duration-ms="45494" started-at="2018-11-27T11:59:10Z" finished-at="2018-11-27T11:59:55Z">
          <reporter-output>
          </reporter-output>
        </test-method> <!-- setUp -->
        <test-method status="PASS" signature="veifyContactLinkTest()[pri:3, instance:com.crm.qa.testcases.HomePageTest@1dc03ce]" name="veifyContactLinkTest" duration-ms="3994" started-at="2018-11-27T11:59:55Z" finished-at="2018-11-27T11:59:59Z">
          <reporter-output>
          </reporter-output>
        </test-method> <!-- veifyContactLinkTest -->
        <test-method status="PASS" signature="tearDown()[pri:0, instance:com.crm.qa.testcases.HomePageTest@1dc03ce]" name="tearDown" is-config="true" duration-ms="1006" started-at="2018-11-27T11:59:59Z" finished-at="2018-11-27T12:00:00Z">
          <reporter-output>
          </reporter-output>
        </test-method> <!-- tearDown -->
      </class> <!-- com.crm.qa.testcases.HomePageTest -->
      <class name="com.crm.qa.testcases.ContactsPageTest">
        <test-method status="PASS" signature="setUp()[pri:0, instance:com.crm.qa.testcases.ContactsPageTest@17996a0]" name="setUp" is-config="true" duration-ms="77488" started-at="2018-11-27T11:53:42Z" finished-at="2018-11-27T11:54:59Z">
          <reporter-output>
          </reporter-output>
        </test-method> <!-- setUp -->
        <test-method status="PASS" signature="verifyContactPageLabel()[pri:1, instance:com.crm.qa.testcases.ContactsPageTest@17996a0]" name="verifyContactPageLabel" duration-ms="236" started-at="2018-11-27T11:54:59Z" finished-at="2018-11-27T11:54:59Z">
          <reporter-output>
          </reporter-output>
        </test-method> <!-- verifyContactPageLabel -->
        <test-method status="PASS" signature="tearDown()[pri:0, instance:com.crm.qa.testcases.ContactsPageTest@17996a0]" name="tearDown" is-config="true" duration-ms="1055" started-at="2018-11-27T11:54:59Z" finished-at="2018-11-27T11:55:00Z">
          <reporter-output>
          </reporter-output>
        </test-method> <!-- tearDown -->
        <test-method status="PASS" signature="setUp()[pri:0, instance:com.crm.qa.testcases.ContactsPageTest@17996a0]" name="setUp" is-config="true" duration-ms="47833" started-at="2018-11-27T11:56:21Z" finished-at="2018-11-27T11:57:09Z">
          <reporter-output>
          </reporter-output>
        </test-method> <!-- setUp -->
        <test-method status="PASS" signature="selectSingleContactTest()[pri:2, instance:com.crm.qa.testcases.ContactsPageTest@17996a0]" name="selectSingleContactTest" duration-ms="922" started-at="2018-11-27T11:57:09Z" finished-at="2018-11-27T11:57:10Z">
          <reporter-output>
          </reporter-output>
        </test-method> <!-- selectSingleContactTest -->
        <test-method status="PASS" signature="tearDown()[pri:0, instance:com.crm.qa.testcases.ContactsPageTest@17996a0]" name="tearDown" is-config="true" duration-ms="1367" started-at="2018-11-27T11:57:10Z" finished-at="2018-11-27T11:57:12Z">
          <reporter-output>
          </reporter-output>
        </test-method> <!-- tearDown -->
        <test-method status="PASS" signature="setUp()[pri:0, instance:com.crm.qa.testcases.ContactsPageTest@17996a0]" name="setUp" is-config="true" duration-ms="43187" started-at="2018-11-27T11:58:25Z" finished-at="2018-11-27T11:59:08Z">
          <reporter-output>
          </reporter-output>
        </test-method> <!-- setUp -->
        <test-method status="PASS" signature="selectMultipleContactTest()[pri:3, instance:com.crm.qa.testcases.ContactsPageTest@17996a0]" name="selectMultipleContactTest" duration-ms="1168" started-at="2018-11-27T11:59:08Z" finished-at="2018-11-27T11:59:09Z">
          <reporter-output>
          </reporter-output>
        </test-method> <!-- selectMultipleContactTest -->
        <test-method status="PASS" signature="tearDown()[pri:0, instance:com.crm.qa.testcases.ContactsPageTest@17996a0]" name="tearDown" is-config="true" duration-ms="1012" started-at="2018-11-27T11:59:09Z" finished-at="2018-11-27T11:59:10Z">
          <reporter-output>
          </reporter-output>
        </test-method> <!-- tearDown -->
        <test-method status="PASS" signature="setUp()[pri:0, instance:com.crm.qa.testcases.ContactsPageTest@17996a0]" name="setUp" is-config="true" duration-ms="45388" started-at="2018-11-27T12:00:49Z" finished-at="2018-11-27T12:01:35Z">
          <reporter-output>
          </reporter-output>
        </test-method> <!-- setUp -->
        <test-method status="PASS" signature="validateCreateNewContactLink(java.lang.String, java.lang.String, java.lang.String, java.lang.String)[pri:4, instance:com.crm.qa.testcases.ContactsPageTest@17996a0]" name="validateCreateNewContactLink" duration-ms="11515" started-at="2018-11-27T12:01:35Z" data-provider="getCRMTestData" finished-at="2018-11-27T12:01:46Z">
          <params>
            <param index="0">
              <value>
                <![CDATA[Mr.]]>
              </value>
            </param>
            <param index="1">
              <value>
                <![CDATA[Tom]]>
              </value>
            </param>
            <param index="2">
              <value>
                <![CDATA[Peter]]>
              </value>
            </param>
            <param index="3">
              <value>
                <![CDATA[Google]]>
              </value>
            </param>
          </params>
          <reporter-output>
          </reporter-output>
        </test-method> <!-- validateCreateNewContactLink -->
        <test-method status="PASS" signature="tearDown()[pri:0, instance:com.crm.qa.testcases.ContactsPageTest@17996a0]" name="tearDown" is-config="true" duration-ms="1015" started-at="2018-11-27T12:01:46Z" finished-at="2018-11-27T12:01:47Z">
          <reporter-output>
          </reporter-output>
        </test-method> <!-- tearDown -->
        <test-method status="PASS" signature="setUp()[pri:0, instance:com.crm.qa.testcases.ContactsPageTest@17996a0]" name="setUp" is-config="true" duration-ms="47535" started-at="2018-11-27T12:01:47Z" finished-at="2018-11-27T12:02:35Z">
          <reporter-output>
          </reporter-output>
        </test-method> <!-- setUp -->
        <test-method status="PASS" signature="validateCreateNewContactLink(java.lang.String, java.lang.String, java.lang.String, java.lang.String)[pri:4, instance:com.crm.qa.testcases.ContactsPageTest@17996a0]" name="validateCreateNewContactLink" duration-ms="12022" started-at="2018-11-27T12:02:35Z" data-provider="getCRMTestData" finished-at="2018-11-27T12:02:47Z">
          <params>
            <param index="0">
              <value>
                <![CDATA[Dr.]]>
              </value>
            </param>
            <param index="1">
              <value>
                <![CDATA[David]]>
              </value>
            </param>
            <param index="2">
              <value>
                <![CDATA[Cris]]>
              </value>
            </param>
            <param index="3">
              <value>
                <![CDATA[Amazon]]>
              </value>
            </param>
          </params>
          <reporter-output>
          </reporter-output>
        </test-method> <!-- validateCreateNewContactLink -->
        <test-method status="PASS" signature="tearDown()[pri:0, instance:com.crm.qa.testcases.ContactsPageTest@17996a0]" name="tearDown" is-config="true" duration-ms="1108" started-at="2018-11-27T12:02:47Z" finished-at="2018-11-27T12:02:48Z">
          <reporter-output>
          </reporter-output>
        </test-method> <!-- tearDown -->
        <test-method status="PASS" signature="setUp()[pri:0, instance:com.crm.qa.testcases.ContactsPageTest@17996a0]" name="setUp" is-config="true" duration-ms="49085" started-at="2018-11-27T12:02:48Z" finished-at="2018-11-27T12:03:37Z">
          <reporter-output>
          </reporter-output>
        </test-method> <!-- setUp -->
        <test-method status="PASS" signature="validateCreateNewContactLink(java.lang.String, java.lang.String, java.lang.String, java.lang.String)[pri:4, instance:com.crm.qa.testcases.ContactsPageTest@17996a0]" name="validateCreateNewContactLink" duration-ms="11536" started-at="2018-11-27T12:03:37Z" data-provider="getCRMTestData" finished-at="2018-11-27T12:03:48Z">
          <params>
            <param index="0">
              <value>
                <![CDATA[Mrs.]]>
              </value>
            </param>
            <param index="1">
              <value>
                <![CDATA[Mukta]]>
              </value>
            </param>
            <param index="2">
              <value>
                <![CDATA[Sharma]]>
              </value>
            </param>
            <param index="3">
              <value>
                <![CDATA[Ebay]]>
              </value>
            </param>
          </params>
          <reporter-output>
          </reporter-output>
        </test-method> <!-- validateCreateNewContactLink -->
        <test-method status="PASS" signature="tearDown()[pri:0, instance:com.crm.qa.testcases.ContactsPageTest@17996a0]" name="tearDown" is-config="true" duration-ms="984" started-at="2018-11-27T12:03:48Z" finished-at="2018-11-27T12:03:49Z">
          <reporter-output>
          </reporter-output>
        </test-method> <!-- tearDown -->
      </class> <!-- com.crm.qa.testcases.ContactsPageTest -->
      <class name="com.crm.qa.testcases.LoginPageTest">
        <test-method status="PASS" signature="SetUp()[pri:0, instance:com.crm.qa.testcases.LoginPageTest@f8360d]" name="SetUp" is-config="true" duration-ms="34005" started-at="2018-11-27T11:55:46Z" finished-at="2018-11-27T11:56:20Z">
          <reporter-output>
          </reporter-output>
        </test-method> <!-- SetUp -->
        <test-method status="PASS" signature="loginPageTitleTest()[pri:1, instance:com.crm.qa.testcases.LoginPageTest@f8360d]" name="loginPageTitleTest" duration-ms="36" started-at="2018-11-27T11:56:20Z" finished-at="2018-11-27T11:56:20Z">
          <reporter-output>
          </reporter-output>
        </test-method> <!-- loginPageTitleTest -->
        <test-method status="PASS" signature="tearDown()[pri:0, instance:com.crm.qa.testcases.LoginPageTest@f8360d]" name="tearDown" is-config="true" duration-ms="1208" started-at="2018-11-27T11:56:20Z" finished-at="2018-11-27T11:56:21Z">
          <reporter-output>
          </reporter-output>
        </test-method> <!-- tearDown -->
        <test-method status="PASS" signature="SetUp()[pri:0, instance:com.crm.qa.testcases.LoginPageTest@f8360d]" name="SetUp" is-config="true" duration-ms="28110" started-at="2018-11-27T11:57:55Z" finished-at="2018-11-27T11:58:23Z">
          <reporter-output>
          </reporter-output>
        </test-method> <!-- SetUp -->
        <test-method status="PASS" signature="crmLogoImageTest()[pri:2, instance:com.crm.qa.testcases.LoginPageTest@f8360d]" name="crmLogoImageTest" duration-ms="522" started-at="2018-11-27T11:58:23Z" finished-at="2018-11-27T11:58:24Z">
          <reporter-output>
          </reporter-output>
        </test-method> <!-- crmLogoImageTest -->
        <test-method status="PASS" signature="tearDown()[pri:0, instance:com.crm.qa.testcases.LoginPageTest@f8360d]" name="tearDown" is-config="true" duration-ms="1051" started-at="2018-11-27T11:58:24Z" finished-at="2018-11-27T11:58:25Z">
          <reporter-output>
          </reporter-output>
        </test-method> <!-- tearDown -->
        <test-method status="PASS" signature="SetUp()[pri:0, instance:com.crm.qa.testcases.LoginPageTest@f8360d]" name="SetUp" is-config="true" duration-ms="30537" started-at="2018-11-27T12:00:00Z" finished-at="2018-11-27T12:00:31Z">
          <reporter-output>
          </reporter-output>
        </test-method> <!-- SetUp -->
        <test-method status="PASS" signature="loginTest()[pri:3, instance:com.crm.qa.testcases.LoginPageTest@f8360d]" name="loginTest" duration-ms="10874" started-at="2018-11-27T12:00:31Z" finished-at="2018-11-27T12:00:42Z">
          <reporter-output>
          </reporter-output>
        </test-method> <!-- loginTest -->
        <test-method status="PASS" signature="tearDown()[pri:0, instance:com.crm.qa.testcases.LoginPageTest@f8360d]" name="tearDown" is-config="true" duration-ms="1183" started-at="2018-11-27T12:00:42Z" finished-at="2018-11-27T12:00:43Z">
          <reporter-output>
          </reporter-output>
        </test-method> <!-- tearDown -->
      </class> <!-- com.crm.qa.testcases.LoginPageTest -->
    </test> <!-- Command line test -->
  </suite> <!-- Command line suite -->
</testng-results>
